-------------------------------------------------------------------------------
Test set: hellocucumber.RunCucumberTest
-------------------------------------------------------------------------------
Tests run: 2, Failures: 0, Errors: 2, Skipped: 0, Time elapsed: 0.646 sec <<< FAILURE!
Modification de l'adresse d'un abonné résidant en France sans date d'effet(Modifier l'adresse d'un abonné)  Time elapsed: 0.007 sec  <<< ERROR!
cucumber.runtime.CucumberException: Step [^Un abonné avec une adresse principale active en France] is defined with 1 parameters at 'hellocucumber.Stepdefs.unAbonneAvecUneAdresseActiveEnFrance(Integer) in file:/C:/Users/AER34/Downloads/teste/hellocucumber/hellocucumber/hellocucumber/target/test-classes/'.
However, the gherkin step has 0 arguments.
Step text: Un abonné avec une adresse principale active en France
	at cucumber.runner.PickleStepDefinitionMatch.arityMismatch(PickleStepDefinitionMatch.java:84)
	at cucumber.runner.PickleStepDefinitionMatch.runStep(PickleStepDefinitionMatch.java:36)
	at cucumber.runner.TestStep.executeStep(TestStep.java:63)
	at cucumber.runner.TestStep.run(TestStep.java:49)
	at cucumber.runner.PickleStepTestStep.run(PickleStepTestStep.java:43)
	at cucumber.runner.TestCase.run(TestCase.java:45)
	at cucumber.runner.Runner.runPickle(Runner.java:40)
	at cucumber.runtime.junit.PickleRunners$NoStepDescriptions.run(PickleRunners.java:146)
	at cucumber.runtime.junit.FeatureRunner.runChild(FeatureRunner.java:68)
	at cucumber.runtime.junit.FeatureRunner.runChild(FeatureRunner.java:23)
	at org.junit.runners.ParentRunner$3.run(ParentRunner.java:290)
	at org.junit.runners.ParentRunner$1.schedule(ParentRunner.java:71)
	at org.junit.runners.ParentRunner.runChildren(ParentRunner.java:288)
	at org.junit.runners.ParentRunner.access$000(ParentRunner.java:58)
	at org.junit.runners.ParentRunner$2.evaluate(ParentRunner.java:268)
	at org.junit.runners.ParentRunner.run(ParentRunner.java:363)
	at cucumber.runtime.junit.FeatureRunner.run(FeatureRunner.java:73)
	at cucumber.api.junit.Cucumber.runChild(Cucumber.java:122)
	at cucumber.api.junit.Cucumber.runChild(Cucumber.java:64)
	at org.junit.runners.ParentRunner$3.run(ParentRunner.java:290)
	at org.junit.runners.ParentRunner$1.schedule(ParentRunner.java:71)
	at org.junit.runners.ParentRunner.runChildren(ParentRunner.java:288)
	at org.junit.runners.ParentRunner.access$000(ParentRunner.java:58)
	at org.junit.runners.ParentRunner$2.evaluate(ParentRunner.java:268)
	at cucumber.api.junit.Cucumber$1.evaluate(Cucumber.java:131)
	at org.junit.runners.ParentRunner.run(ParentRunner.java:363)
	at org.apache.maven.surefire.junit4.JUnit4Provider.execute(JUnit4Provider.java:252)
	at org.apache.maven.surefire.junit4.JUnit4Provider.executeTestSet(JUnit4Provider.java:141)
	at org.apache.maven.surefire.junit4.JUnit4Provider.invoke(JUnit4Provider.java:112)
	at sun.reflect.NativeMethodAccessorImpl.invoke0(Native Method)
	at sun.reflect.NativeMethodAccessorImpl.invoke(Unknown Source)
	at sun.reflect.DelegatingMethodAccessorImpl.invoke(Unknown Source)
	at java.lang.reflect.Method.invoke(Unknown Source)
	at org.apache.maven.surefire.util.ReflectionUtils.invokeMethodWithArray(ReflectionUtils.java:189)
	at org.apache.maven.surefire.booter.ProviderFactory$ProviderProxy.invoke(ProviderFactory.java:165)
	at org.apache.maven.surefire.booter.ProviderFactory.invokeProvider(ProviderFactory.java:85)
	at org.apache.maven.surefire.booter.ForkedBooter.runSuitesInProcess(ForkedBooter.java:115)
	at org.apache.maven.surefire.booter.ForkedBooter.main(ForkedBooter.java:75)

Modification de l'adresse d'un abonné résidant en France sans date d'effet(Modifier l'adresse d'un abonné)  Time elapsed: 0.008 sec  <<< ERROR!
cucumber.runtime.junit.UndefinedThrowable: The step "un mouvement de modification d'adresse est créé" is undefined

